<?xml version="1.0" encoding="UTF-8"?>
<Site BuildName="Linux-g++-7"
	BuildStamp="20190502-0910-Experimental"
	Name="ryunosuke-Aspire-E5-576"
	Generator="ctest-3.14.20190306-g28186"
	CompilerName="/usr/bin/g++-7"
	CompilerVersion="7.3.0"
	OSName="Linux"
	Hostname="ryunosuke-Aspire-E5-576"
	OSRelease="4.15.0-48-generic"
	OSVersion="#51-Ubuntu SMP Wed Apr 3 08:28:49 UTC 2019"
	OSPlatform="x86_64"
	Is64Bits="1"
	VendorString="GenuineIntel"
	VendorID="Intel Corporation"
	FamilyID="6"
	ModelID="78"
	ProcessorCacheSize="3072"
	NumberOfLogicalCPU="4"
	NumberOfPhysicalCPU="2"
	TotalVirtualMemory="2047"
	TotalPhysicalMemory="3821"
	LogicalProcessorsPerPhysical="2"
	ProcessorClockFrequency="779.955"
	>
	<Testing>
		<StartDateTime>May 02 18:10 JST</StartDateTime>
		<StartTestTime>1556788235</StartTestTime>
		<TestList/>
		<EndDateTime>May 02 18:10 JST</EndDateTime>
		<EndTestTime>1556788235</EndTestTime>
		<ElapsedMinutes>0</ElapsedMinutes>
	</Testing>
</Site>
